<?xml version="1.0" encoding="UTF-8"?>
<!-- Generated by org.testng.reporters.JUnitXMLReporter -->
<testsuite hostname="Apples-MacBook-Pro.local" name="/Users/apple/IdeaProjects/GmailAssignment/src/test/java/testScripts/Gmail/Tc_001.java" tests="1" failures="0" timestamp="17 Feb 2021 09:55:32 GMT" time="26.49" errors="0">
  <testcase name="launchGmail" time="20.232" classname="testScripts.Gmail.TC_EMAIL_001"/>
</testsuite> <!-- /Users/apple/IdeaProjects/GmailAssignment/src/test/java/testScripts/Gmail/Tc_001.java -->
