<?xml version="1.0" encoding="UTF-8"?>
<testng-results skipped="0" failed="0" total="1" passed="1">
  <reporter-output>
    <line>
      <![CDATA[Page Title Gmail]]>
    </line>
    <line>
      <![CDATA[User entered email id:  sharmaautomation8@gmail.com]]>
    </line>
    <line>
      <![CDATA[User entered passowrd id:  AutomationTarget@1234]]>
    </line>
    <line>
      <![CDATA[User navigated to gmail:  Inbox (9) - sharmaautomation8@gmail.com - Gmail]]>
    </line>
    <line>
      <![CDATA[User navigated to  compose mail window]]>
    </line>
    <line>
      <![CDATA[User entered email  sharmaautomation8@gmail.com]]>
    </line>
    <line>
      <![CDATA[User entered subject Send Email with attachment Assignment]]>
    </line>
    <line>
      <![CDATA[User entered  message HI, Please do find the attachament. DO NOT REPLY]]>
    </line>
    <line>
      <![CDATA[User uploadred file   /Users/apple/IdeaProjects/GmailAssignment/Resume/Tejaswinisharma.docx]]>
    </line>
    <line>
      <![CDATA[User navigated to sendTheMessage:  Inbox (9) - sharmaautomation8@gmail.com - Gmail]]>
    </line>
  </reporter-output>
  <suite name="All Test Suite" duration-ms="26722" started-at="2021-02-17T09:55:05Z" finished-at="2021-02-17T09:55:32Z">
    <groups>
    </groups>
    <test name="/Users/apple/IdeaProjects/GmailAssignment/src/test/java/testScripts/Gmail/Tc_002.java" duration-ms="6" started-at="2021-02-17T09:55:05Z" finished-at="2021-02-17T09:55:05Z">
    </test> <!-- /Users/apple/IdeaProjects/GmailAssignment/src/test/java/testScripts/Gmail/Tc_002.java -->
    <test name="/Users/apple/IdeaProjects/GmailAssignment/src/test/java/testScripts/Gmail/Tc_001.java" duration-ms="26490" started-at="2021-02-17T09:55:05Z" finished-at="2021-02-17T09:55:32Z">
      <class name="testScripts.Gmail.TC_EMAIL_001">
        <test-method status="PASS" signature="launchBrowser()[pri:0, instance:testScripts.Gmail.TC_EMAIL_001@19dfb72a]" name="launchBrowser" is-config="true" duration-ms="6064" started-at="2021-02-17T15:25:05Z" finished-at="2021-02-17T15:25:12Z">
          <reporter-output>
          </reporter-output>
        </test-method> <!-- launchBrowser -->
        <test-method status="PASS" signature="launchGmail()[pri:0, instance:testScripts.Gmail.TC_EMAIL_001@19dfb72a]" name="launchGmail" duration-ms="20232" started-at="2021-02-17T15:25:12Z" finished-at="2021-02-17T15:25:32Z">
          <reporter-output>
            <line>
              <![CDATA[Page Title Gmail]]>
            </line>
            <line>
              <![CDATA[User entered email id:  sharmaautomation8@gmail.com]]>
            </line>
            <line>
              <![CDATA[User entered passowrd id:  AutomationTarget@1234]]>
            </line>
            <line>
              <![CDATA[User navigated to gmail:  Inbox (9) - sharmaautomation8@gmail.com - Gmail]]>
            </line>
            <line>
              <![CDATA[User navigated to  compose mail window]]>
            </line>
            <line>
              <![CDATA[User entered email  sharmaautomation8@gmail.com]]>
            </line>
            <line>
              <![CDATA[User entered subject Send Email with attachment Assignment]]>
            </line>
            <line>
              <![CDATA[User entered  message HI, Please do find the attachament. DO NOT REPLY]]>
            </line>
            <line>
              <![CDATA[User uploadred file   /Users/apple/IdeaProjects/GmailAssignment/Resume/Tejaswinisharma.docx]]>
            </line>
            <line>
              <![CDATA[User navigated to sendTheMessage:  Inbox (9) - sharmaautomation8@gmail.com - Gmail]]>
            </line>
          </reporter-output>
        </test-method> <!-- launchGmail -->
        <test-method status="PASS" signature="closeBrowser()[pri:0, instance:testScripts.Gmail.TC_EMAIL_001@19dfb72a]" name="closeBrowser" is-config="true" duration-ms="185" started-at="2021-02-17T15:25:32Z" finished-at="2021-02-17T15:25:32Z">
          <reporter-output>
          </reporter-output>
        </test-method> <!-- closeBrowser -->
      </class> <!-- testScripts.Gmail.TC_EMAIL_001 -->
    </test> <!-- /Users/apple/IdeaProjects/GmailAssignment/src/test/java/testScripts/Gmail/Tc_001.java -->
  </suite> <!-- All Test Suite -->
</testng-results>
